TN:
SF:src/_config/collections.js
FN:9,(anonymous_0)
FN:19,(anonymous_1)
FN:29,(anonymous_2)
FN:39,(anonymous_3)
FN:49,(anonymous_4)
FN:59,(anonymous_5)
FN:69,(anonymous_6)
FN:79,(anonymous_7)
FN:89,(anonymous_8)
FN:99,(anonymous_9)
FN:102,(anonymous_10)
FN:111,(anonymous_11)
FN:115,(anonymous_12)
FN:134,(anonymous_13)
FN:153,(anonymous_14)
FN:154,(anonymous_15)
FN:162,(anonymous_16)
FN:166,(anonymous_17)
FN:197,(anonymous_18)
FNF:19
FNH:7
FNDA:0,(anonymous_0)
FNDA:0,(anonymous_1)
FNDA:0,(anonymous_2)
FNDA:0,(anonymous_3)
FNDA:0,(anonymous_4)
FNDA:0,(anonymous_5)
FNDA:0,(anonymous_6)
FNDA:0,(anonymous_7)
FNDA:0,(anonymous_8)
FNDA:0,(anonymous_9)
FNDA:0,(anonymous_10)
FNDA:0,(anonymous_11)
FNDA:4,(anonymous_12)
FNDA:14,(anonymous_13)
FNDA:5,(anonymous_14)
FNDA:8,(anonymous_15)
FNDA:5,(anonymous_16)
FNDA:10,(anonymous_17)
FNDA:5,(anonymous_18)
DA:9,1
DA:10,0
DA:19,1
DA:20,0
DA:29,1
DA:30,0
DA:39,1
DA:40,0
DA:49,1
DA:50,0
DA:59,1
DA:60,0
DA:69,1
DA:70,0
DA:79,1
DA:80,0
DA:89,1
DA:90,0
DA:99,1
DA:100,0
DA:102,0
DA:111,1
DA:112,0
DA:115,1
DA:116,4
DA:117,4
DA:132,4
DA:134,4
DA:135,14
DA:136,12
DA:138,12
DA:139,16
DA:140,14
DA:141,14
DA:143,14
DA:144,8
DA:152,4
DA:153,5
DA:154,8
DA:162,1
DA:163,5
DA:164,5
DA:166,5
DA:167,10
DA:168,7
DA:170,7
DA:171,12
DA:187,9
DA:188,9
DA:189,8
DA:190,8
DA:197,5
LF:52
LH:40
BRDA:135,0,0,12
BRDA:135,0,1,2
BRDA:139,1,0,14
BRDA:139,1,1,2
BRDA:141,2,0,14
BRDA:141,2,1,8
BRDA:143,3,0,8
BRDA:143,3,1,6
BRDA:167,4,0,7
BRDA:167,4,1,3
BRDA:171,5,0,9
BRDA:171,5,1,3
BRDA:188,6,0,8
BRDA:188,6,1,1
BRF:14
BRH:14
end_of_record
TN:
SF:src/_config/filters/dates.js
FN:6,(anonymous_0)
FN:8,(anonymous_1)
FN:12,(anonymous_2)
FN:16,(anonymous_3)
FN:19,(anonymous_4)
FN:26,(anonymous_5)
FN:38,(anonymous_6)
FN:43,(anonymous_7)
FN:50,(anonymous_8)
FNF:9
FNH:7
FNDA:1,(anonymous_0)
FNDA:1,(anonymous_1)
FNDA:2,(anonymous_2)
FNDA:2,(anonymous_3)
FNDA:3,(anonymous_4)
FNDA:3,(anonymous_5)
FNDA:0,(anonymous_6)
FNDA:0,(anonymous_7)
FNDA:3,(anonymous_8)
DA:4,1
DA:6,1
DA:8,1
DA:9,1
DA:12,1
DA:13,2
DA:16,2
DA:19,1
DA:20,3
DA:26,1
DA:27,3
DA:28,3
DA:29,3
DA:31,3
DA:32,2
DA:33,1
DA:34,0
DA:35,0
DA:38,1
DA:39,0
DA:40,0
DA:43,0
DA:44,0
DA:45,0
DA:46,0
DA:50,3
LF:26
LH:18
BRDA:31,0,0,1
BRDA:31,0,1,2
BRDA:32,1,0,1
BRDA:32,1,1,1
BRDA:33,2,0,1
BRDA:33,2,1,0
BRDA:34,3,0,0
BRDA:34,3,1,0
BRDA:39,4,0,0
BRDA:39,4,1,0
BRDA:39,5,0,0
BRDA:39,5,1,0
BRDA:44,6,0,0
BRDA:44,6,1,0
BRDA:45,7,0,0
BRDA:45,7,1,0
BRF:16
BRH:5
end_of_record
TN:
SF:src/_config/filters/groupBy.js
FN:7,(anonymous_0)
FN:12,(anonymous_1)
FN:24,(anonymous_2)
FN:29,(anonymous_3)
FN:42,(anonymous_4)
FN:43,(anonymous_5)
FN:45,(anonymous_6)
FN:58,(anonymous_7)
FN:63,(anonymous_8)
FN:76,(anonymous_9)
FN:77,(anonymous_10)
FN:79,(anonymous_11)
FN:92,(anonymous_12)
FN:99,(anonymous_13)
FN:120,(anonymous_14)
FN:125,(anonymous_15)
FN:130,(anonymous_16)
FNF:17
FNH:12
FNDA:13,(anonymous_0)
FNDA:32,(anonymous_1)
FNDA:6,(anonymous_2)
FNDA:16,(anonymous_3)
FNDA:8,(anonymous_4)
FNDA:10,(anonymous_5)
FNDA:7,(anonymous_6)
FNDA:0,(anonymous_7)
FNDA:0,(anonymous_8)
FNDA:0,(anonymous_9)
FNDA:0,(anonymous_10)
FNDA:0,(anonymous_11)
FNDA:2,(anonymous_12)
FNDA:6,(anonymous_13)
FNDA:6,(anonymous_14)
FNDA:6,(anonymous_15)
FNDA:19,(anonymous_16)
DA:7,3
DA:8,13
DA:9,4
DA:12,9
DA:13,32
DA:14,32
DA:16,32
DA:17,17
DA:19,32
DA:20,32
DA:24,3
DA:25,6
DA:26,2
DA:29,4
DA:30,16
DA:31,16
DA:33,16
DA:34,10
DA:36,16
DA:37,16
DA:41,4
DA:42,8
DA:43,10
DA:46,7
DA:47,7
DA:48,7
DA:58,3
DA:59,0
DA:60,0
DA:63,0
DA:64,0
DA:65,0
DA:67,0
DA:68,0
DA:70,0
DA:71,0
DA:75,0
DA:76,0
DA:77,0
DA:80,0
DA:81,0
DA:82,0
DA:92,3
DA:93,2
DA:94,0
DA:97,2
DA:99,2
DA:100,6
DA:101,6
DA:102,6
DA:103,6
DA:105,6
DA:106,6
DA:116,6
DA:120,2
DA:121,6
DA:125,3
DA:126,6
DA:127,3
DA:130,3
DA:131,19
DA:132,19
DA:133,19
LF:63
LH:47
BRDA:8,0,0,4
BRDA:8,0,1,9
BRDA:8,1,0,13
BRDA:8,1,1,11
BRDA:13,2,0,30
BRDA:13,2,1,2
BRDA:14,3,0,0
BRDA:14,3,1,32
BRDA:16,4,0,17
BRDA:16,4,1,15
BRDA:25,5,0,2
BRDA:25,5,1,4
BRDA:25,6,0,6
BRDA:25,6,1,4
BRDA:30,7,0,16
BRDA:30,7,1,16
BRDA:30,7,2,0
BRDA:33,8,0,10
BRDA:33,8,1,6
BRDA:46,9,0,7
BRDA:46,9,1,7
BRDA:46,9,2,0
BRDA:47,10,0,7
BRDA:47,10,1,7
BRDA:47,10,2,0
BRDA:59,11,0,0
BRDA:59,11,1,0
BRDA:59,12,0,0
BRDA:59,12,1,0
BRDA:64,13,0,0
BRDA:64,13,1,0
BRDA:64,13,2,0
BRDA:67,14,0,0
BRDA:67,14,1,0
BRDA:80,15,0,0
BRDA:80,15,1,0
BRDA:80,15,2,0
BRDA:81,16,0,0
BRDA:81,16,1,0
BRDA:81,16,2,0
BRDA:93,17,0,0
BRDA:93,17,1,2
BRDA:93,18,0,2
BRDA:93,18,1,2
BRDA:100,19,0,6
BRDA:100,19,1,0
BRDA:105,20,0,6
BRDA:105,20,1,0
BRDA:126,21,0,3
BRDA:126,21,1,3
BRDA:126,22,0,6
BRDA:126,22,1,4
BRDA:131,23,0,19
BRDA:131,23,1,3
BRDA:132,24,0,19
BRDA:132,24,1,3
BRF:56
BRH:34
end_of_record
TN:
SF:src/_config/filters/limit.js
FN:1,(anonymous_0)
FNF:1
FNH:1
FNDA:14,(anonymous_0)
DA:1,3
DA:2,14
DA:3,4
DA:4,4
DA:6,10
LF:5
LH:5
BRDA:2,0,0,4
BRDA:2,0,1,10
BRF:2
BRH:2
end_of_record
TN:
SF:src/_config/filters/markdown-format.js
FN:5,(anonymous_0)
FNF:1
FNH:1
FNDA:25,(anonymous_0)
DA:3,3
DA:5,3
DA:6,25
DA:7,5
DA:10,20
DA:11,20
DA:13,0
DA:14,0
LF:8
LH:6
BRDA:6,0,0,5
BRDA:6,0,1,20
BRDA:6,1,0,25
BRDA:6,1,1,22
BRF:4
BRH:4
end_of_record
TN:
SF:src/_config/filters/shuffle.js
FN:1,(anonymous_0)
FN:2,(anonymous_1)
FNF:2
FNH:2
FNDA:7,(anonymous_0)
FNDA:25,(anonymous_1)
DA:1,2
DA:2,25
LF:2
LH:2
BRF:0
BRH:0
end_of_record
TN:
SF:src/_config/filters/slugify.js
FN:4,(anonymous_0)
FNF:1
FNH:1
FNDA:52,(anonymous_0)
DA:4,5
DA:5,52
DA:6,4
DA:8,48
LF:4
LH:4
BRDA:5,0,0,4
BRDA:5,0,1,48
BRF:2
BRH:2
end_of_record
TN:
SF:src/_config/filters/striptags.js
FN:1,(anonymous_0)
FNF:1
FNH:1
FNDA:21,(anonymous_0)
DA:1,3
DA:3,21
DA:4,40
DA:5,40
DA:7,21
LF:5
LH:5
BRF:0
BRH:0
end_of_record
TN:
SF:src/_config/plugins/markdown.js
FN:35,(anonymous_0)
FN:47,(anonymous_1)
FN:49,(anonymous_2)
FN:57,(anonymous_3)
FN:60,(anonymous_4)
FN:68,(anonymous_5)
FN:74,(anonymous_6)
FNF:7
FNH:6
FNDA:5,(anonymous_0)
FNDA:1,(anonymous_1)
FNDA:10,(anonymous_2)
FNDA:0,(anonymous_3)
FNDA:2,(anonymous_4)
FNDA:5,(anonymous_5)
FNDA:7,(anonymous_6)
DA:13,1
DA:36,5
DA:49,1
DA:50,10
DA:57,10
DA:60,1
DA:61,2
DA:62,2
DA:63,2
DA:64,2
DA:67,2
DA:68,5
DA:69,2
DA:70,2
DA:73,2
DA:74,7
DA:76,2
DA:77,2
LF:18
LH:18
BRDA:63,0,0,2
BRDA:63,0,1,0
BRDA:67,1,0,2
BRDA:67,1,1,0
BRDA:69,2,0,2
BRDA:69,2,1,0
BRDA:77,3,0,1
BRDA:77,3,1,1
BRF:8
BRH:5
end_of_record
